[INFO] Using config file found at: 
[2013-07-31 12:40:38:246] [INFO] feature-selection version 3.6.8
[2013-07-31 12:40:38:246] [INFO] Command line: /home/addis-ai/opencog_ocpkg/opencog/build/opencog/learning/feature-selection/main/feature-selection -a inc --target-size 20 -i arrhythmia_hc_recall_0.5_kfd_10/data/arrhytmia_class01_decilized.moses.train_8to10 -o arrhythmia_hc_recall_0.5_kfd_10/data/arrhytmia_class01_decilized.moses.train_8to10_filtered_nfeats_20 -j 4 -F arrhythmia_hc_recall_0.5_kfd_10/log/feature_selection_fd_8to10_nfeats_20_no_fsm.log -l debug -u f280
[2013-07-31 12:40:38:246] [INFO] Read input file arrhythmia_hc_recall_0.5_kfd_10/data/arrhytmia_class01_decilized.moses.train_8to10
[2013-07-31 12:40:38:321] [DEBUG] Compress the dataset, current size is 378
[2013-07-31 12:40:38:321] [DEBUG] Size of the compressed dataset is 378
[2013-07-31 12:40:38:322] [INFO] incremental_select_features, targ sz=20 thresh=0
[2013-07-31 12:40:38:322] [DEBUG] cached_adaptive_incremental_selection(), target=20 iterms=1 num feats=2446
[2013-07-31 12:40:38:322] [INFO] Cache prr_cache_threaded
[2013-07-31 12:40:38:322] [DEBUG] Call adaptive_incremental_selection(size=20, terms=1, red thresh=0.1, min=0, max=1, epsi=0.001) so selection-thres=0.5
[2013-07-31 12:40:38:322] [DEBUG] Iteration 1 feature set size=2446 powerset size=2446
[2013-07-31 12:40:38:413] [DEBUG] Iteration 1 relevant features=0
[2013-07-31 12:40:38:413] [DEBUG] Iteration 1 redundant features=0
[2013-07-31 12:40:38:413] [DEBUG] Iteration 1 finished with 0 features

[2013-07-31 12:40:38:413] [DEBUG] Elapsed time 0 seconds

[2013-07-31 12:40:38:413] [DEBUG] Rate inf microseconds per feature squared

[2013-07-31 12:40:38:413] [INFO] Exit incremental_selection(), selected: 
[2013-07-31 12:40:38:413] [DEBUG] Selected 0 features
[2013-07-31 12:40:38:413] [DEBUG] Call adaptive_incremental_selection(size=20, terms=1, red thresh=0.1, min=0, max=0.5, epsi=0.001) so selection-thres=0.25
[2013-07-31 12:40:38:414] [DEBUG] Iteration 1 feature set size=2446 powerset size=2446
[2013-07-31 12:40:38:414] [DEBUG] Iteration 1 relevant features=0
[2013-07-31 12:40:38:414] [DEBUG] Iteration 1 redundant features=0
[2013-07-31 12:40:38:414] [DEBUG] Iteration 1 finished with 0 features

[2013-07-31 12:40:38:414] [DEBUG] Elapsed time 0 seconds

[2013-07-31 12:40:38:414] [DEBUG] Rate inf microseconds per feature squared

[2013-07-31 12:40:38:415] [INFO] Exit incremental_selection(), selected: 
[2013-07-31 12:40:38:415] [DEBUG] Selected 0 features
[2013-07-31 12:40:38:415] [DEBUG] Call adaptive_incremental_selection(size=20, terms=1, red thresh=0.1, min=0, max=0.25, epsi=0.001) so selection-thres=0.125
[2013-07-31 12:40:38:415] [DEBUG] Iteration 1 feature set size=2446 powerset size=2446
[2013-07-31 12:40:38:416] [DEBUG] Iteration 1 relevant features=0
[2013-07-31 12:40:38:416] [DEBUG] Iteration 1 redundant features=0
[2013-07-31 12:40:38:416] [DEBUG] Iteration 1 finished with 0 features

[2013-07-31 12:40:38:416] [DEBUG] Elapsed time 0 seconds

[2013-07-31 12:40:38:416] [DEBUG] Rate inf microseconds per feature squared

[2013-07-31 12:40:38:416] [INFO] Exit incremental_selection(), selected: 
[2013-07-31 12:40:38:416] [DEBUG] Selected 0 features
[2013-07-31 12:40:38:416] [DEBUG] Call adaptive_incremental_selection(size=20, terms=1, red thresh=0.1, min=0, max=0.125, epsi=0.001) so selection-thres=0.0625
[2013-07-31 12:40:38:417] [DEBUG] Iteration 1 feature set size=2446 powerset size=2446
[2013-07-31 12:40:38:418] [DEBUG] Iteration 1 relevant features=1
[2013-07-31 12:40:38:418] [DEBUG] Iteration 1 redundant features=0
[2013-07-31 12:40:38:418] [DEBUG] Iteration 1 finished with 1 features

[2013-07-31 12:40:38:418] [DEBUG] Elapsed time 0 seconds

[2013-07-31 12:40:38:418] [DEBUG] Rate 1616.000000 microseconds per feature squared

[2013-07-31 12:40:38:418] [INFO] Exit incremental_selection(), selected: 1908
[2013-07-31 12:40:38:418] [DEBUG] Selected 1 features
[2013-07-31 12:40:38:418] [DEBUG] Call adaptive_incremental_selection(size=20, terms=1, red thresh=0.1, min=0, max=0.0625, epsi=0.001) so selection-thres=0.03125
[2013-07-31 12:40:38:419] [DEBUG] Iteration 1 feature set size=2446 powerset size=2446
[2013-07-31 12:40:38:420] [DEBUG] Iteration 1 relevant features=33
[2013-07-31 12:40:38:450] [DEBUG] Iteration 1 redundant features=3
[2013-07-31 12:40:38:450] [DEBUG] Iteration 1 finished with 30 features

[2013-07-31 12:40:38:450] [DEBUG] Elapsed time 0 seconds

[2013-07-31 12:40:38:450] [DEBUG] Rate 35.725556 microseconds per feature squared

[2013-07-31 12:40:38:451] [INFO] Exit incremental_selection(), selected: 9 29 109 128 552 613 764 826 844 943 952 1439 1440 1450 1524 1540 1561 1725 1793 1908 1942 2023 2086 2162 2171 2178 2271 2349 2362 2423
[2013-07-31 12:40:38:451] [DEBUG] Selected 30 features
[2013-07-31 12:40:38:451] [DEBUG] Call adaptive_incremental_selection(size=20, terms=1, red thresh=0.1, min=0.03125, max=0.0625, epsi=0.001) so selection-thres=0.046875
[2013-07-31 12:40:38:451] [DEBUG] Iteration 1 feature set size=2446 powerset size=2446
[2013-07-31 12:40:38:475] [DEBUG] Iteration 1 relevant features=7
[2013-07-31 12:40:38:477] [DEBUG] Iteration 1 redundant features=0
[2013-07-31 12:40:38:477] [DEBUG] Iteration 1 finished with 7 features

[2013-07-31 12:40:38:477] [DEBUG] Elapsed time 0 seconds

[2013-07-31 12:40:38:477] [DEBUG] Rate 529.244898 microseconds per feature squared

[2013-07-31 12:40:38:477] [INFO] Exit incremental_selection(), selected: 764 943 952 1561 1725 1908 2178
[2013-07-31 12:40:38:477] [DEBUG] Selected 7 features
[2013-07-31 12:40:38:477] [DEBUG] Call adaptive_incremental_selection(size=20, terms=1, red thresh=0.1, min=0.03125, max=0.046875, epsi=0.001) so selection-thres=0.0390625
[2013-07-31 12:40:38:477] [DEBUG] Iteration 1 feature set size=2446 powerset size=2446
[2013-07-31 12:40:38:501] [DEBUG] Iteration 1 relevant features=22
[2013-07-31 12:40:38:505] [DEBUG] Iteration 1 redundant features=2
[2013-07-31 12:40:38:505] [DEBUG] Iteration 1 finished with 20 features

[2013-07-31 12:40:38:505] [DEBUG] Elapsed time 0 seconds

[2013-07-31 12:40:38:505] [DEBUG] Rate 70.152500 microseconds per feature squared

[2013-07-31 12:40:38:505] [INFO] Exit incremental_selection(), selected: 9 109 764 826 844 943 952 1440 1450 1540 1561 1725 1793 1908 1942 2023 2162 2178 2271 2362
[2013-07-31 12:40:38:505] [DEBUG] Selected 20 features
[2013-07-31 12:40:38:505] [INFO] Cache prr_cache_threaded hits=16167 misses=4075
[2013-07-31 12:40:38:506] [INFO] 20 out of 2446 features have been selected
[2013-07-31 12:40:38:506] [DEBUG] Compress the dataset, current size is 378
[2013-07-31 12:40:38:506] [DEBUG] Size of the compressed dataset is 197
[2013-07-31 12:40:38:508] [INFO] log_selected_features(): f2 0.0426132
[2013-07-31 12:40:38:508] [INFO] log_selected_features(): f15_0 0.0466565
[2013-07-31 12:40:38:508] [INFO] log_selected_features(): f93_1 0.0572738
[2013-07-31 12:40:38:508] [INFO] log_selected_features(): f100_0 0.0413392
[2013-07-31 12:40:38:508] [INFO] log_selected_features(): f102_0 0.0440401
[2013-07-31 12:40:38:508] [INFO] log_selected_features(): f113_0 0.0527619
[2013-07-31 12:40:38:508] [INFO] log_selected_features(): f114_0 0.0597706
[2013-07-31 12:40:38:508] [INFO] log_selected_features(): f168_2 0.0391833
[2013-07-31 12:40:38:508] [INFO] log_selected_features(): f169_3 0.0413392
[2013-07-31 12:40:38:508] [INFO] log_selected_features(): f179_3 0.0448891
[2013-07-31 12:40:38:508] [INFO] log_selected_features(): f181_6 0.0493558
[2013-07-31 12:40:38:508] [INFO] log_selected_features(): f199_8 0.0531637
[2013-07-31 12:40:38:508] [INFO] log_selected_features(): f207_4 0.0467837
[2013-07-31 12:40:38:508] [INFO] log_selected_features(): f220_2 0.0640008
[2013-07-31 12:40:38:508] [INFO] log_selected_features(): f224_0 0.0392274
[2013-07-31 12:40:38:508] [INFO] log_selected_features(): f233_0 0.0440316
[2013-07-31 12:40:38:508] [INFO] log_selected_features(): f248_4 0.0414042
[2013-07-31 12:40:38:508] [INFO] log_selected_features(): f250_2 0.0516759
[2013-07-31 12:40:38:508] [INFO] log_selected_features(): f260_5 0.0434873
[2013-07-31 12:40:38:508] [INFO] log_selected_features(): f270_6 0.0406783
