[INFO] Using config file found at: 
[2013-07-31 12:36:57:048] [INFO] feature-selection version 3.6.8
[2013-07-31 12:36:57:049] [INFO] Command line: /home/addis-ai/opencog_ocpkg/opencog/build/opencog/learning/feature-selection/main/feature-selection -a inc --target-size 20 -i arrhythmia_hc_recall_0.5_kfd_10/data/arrhytmia_class01_decilized.moses.train_7to10 -o arrhythmia_hc_recall_0.5_kfd_10/data/arrhytmia_class01_decilized.moses.train_7to10_filtered_nfeats_20 -j 4 -F arrhythmia_hc_recall_0.5_kfd_10/log/feature_selection_fd_7to10_nfeats_20_no_fsm.log -l debug -u f280
[2013-07-31 12:36:57:049] [INFO] Read input file arrhythmia_hc_recall_0.5_kfd_10/data/arrhytmia_class01_decilized.moses.train_7to10
[2013-07-31 12:36:57:121] [DEBUG] Compress the dataset, current size is 378
[2013-07-31 12:36:57:121] [DEBUG] Size of the compressed dataset is 378
[2013-07-31 12:36:57:122] [INFO] incremental_select_features, targ sz=20 thresh=0
[2013-07-31 12:36:57:122] [DEBUG] cached_adaptive_incremental_selection(), target=20 iterms=1 num feats=2446
[2013-07-31 12:36:57:122] [INFO] Cache prr_cache_threaded
[2013-07-31 12:36:57:122] [DEBUG] Call adaptive_incremental_selection(size=20, terms=1, red thresh=0.1, min=0, max=1, epsi=0.001) so selection-thres=0.5
[2013-07-31 12:36:57:122] [DEBUG] Iteration 1 feature set size=2446 powerset size=2446
[2013-07-31 12:36:57:208] [DEBUG] Iteration 1 relevant features=0
[2013-07-31 12:36:57:208] [DEBUG] Iteration 1 redundant features=0
[2013-07-31 12:36:57:208] [DEBUG] Iteration 1 finished with 0 features

[2013-07-31 12:36:57:208] [DEBUG] Elapsed time 0 seconds

[2013-07-31 12:36:57:208] [DEBUG] Rate inf microseconds per feature squared

[2013-07-31 12:36:57:208] [INFO] Exit incremental_selection(), selected: 
[2013-07-31 12:36:57:208] [DEBUG] Selected 0 features
[2013-07-31 12:36:57:208] [DEBUG] Call adaptive_incremental_selection(size=20, terms=1, red thresh=0.1, min=0, max=0.5, epsi=0.001) so selection-thres=0.25
[2013-07-31 12:36:57:209] [DEBUG] Iteration 1 feature set size=2446 powerset size=2446
[2013-07-31 12:36:57:210] [DEBUG] Iteration 1 relevant features=0
[2013-07-31 12:36:57:210] [DEBUG] Iteration 1 redundant features=0
[2013-07-31 12:36:57:210] [DEBUG] Iteration 1 finished with 0 features

[2013-07-31 12:36:57:210] [DEBUG] Elapsed time 0 seconds

[2013-07-31 12:36:57:210] [DEBUG] Rate inf microseconds per feature squared

[2013-07-31 12:36:57:210] [INFO] Exit incremental_selection(), selected: 
[2013-07-31 12:36:57:210] [DEBUG] Selected 0 features
[2013-07-31 12:36:57:210] [DEBUG] Call adaptive_incremental_selection(size=20, terms=1, red thresh=0.1, min=0, max=0.25, epsi=0.001) so selection-thres=0.125
[2013-07-31 12:36:57:211] [DEBUG] Iteration 1 feature set size=2446 powerset size=2446
[2013-07-31 12:36:57:211] [DEBUG] Iteration 1 relevant features=0
[2013-07-31 12:36:57:211] [DEBUG] Iteration 1 redundant features=0
[2013-07-31 12:36:57:211] [DEBUG] Iteration 1 finished with 0 features

[2013-07-31 12:36:57:211] [DEBUG] Elapsed time 0 seconds

[2013-07-31 12:36:57:211] [DEBUG] Rate inf microseconds per feature squared

[2013-07-31 12:36:57:212] [INFO] Exit incremental_selection(), selected: 
[2013-07-31 12:36:57:212] [DEBUG] Selected 0 features
[2013-07-31 12:36:57:212] [DEBUG] Call adaptive_incremental_selection(size=20, terms=1, red thresh=0.1, min=0, max=0.125, epsi=0.001) so selection-thres=0.0625
[2013-07-31 12:36:57:212] [DEBUG] Iteration 1 feature set size=2446 powerset size=2446
[2013-07-31 12:36:57:213] [DEBUG] Iteration 1 relevant features=1
[2013-07-31 12:36:57:213] [DEBUG] Iteration 1 redundant features=0
[2013-07-31 12:36:57:213] [DEBUG] Iteration 1 finished with 1 features

[2013-07-31 12:36:57:213] [DEBUG] Elapsed time 0 seconds

[2013-07-31 12:36:57:213] [DEBUG] Rate 1484.000000 microseconds per feature squared

[2013-07-31 12:36:57:213] [INFO] Exit incremental_selection(), selected: 952
[2013-07-31 12:36:57:213] [DEBUG] Selected 1 features
[2013-07-31 12:36:57:213] [DEBUG] Call adaptive_incremental_selection(size=20, terms=1, red thresh=0.1, min=0, max=0.0625, epsi=0.001) so selection-thres=0.03125
[2013-07-31 12:36:57:214] [DEBUG] Iteration 1 feature set size=2446 powerset size=2446
[2013-07-31 12:36:57:215] [DEBUG] Iteration 1 relevant features=27
[2013-07-31 12:36:57:235] [DEBUG] Iteration 1 redundant features=3
[2013-07-31 12:36:57:235] [DEBUG] Iteration 1 finished with 24 features

[2013-07-31 12:36:57:235] [DEBUG] Elapsed time 0 seconds

[2013-07-31 12:36:57:235] [DEBUG] Rate 36.918403 microseconds per feature squared

[2013-07-31 12:36:57:235] [INFO] Exit incremental_selection(), selected: 9 109 745 750 764 826 844 952 1434 1524 1540 1561 1703 1725 1793 1908 1942 2023 2073 2086 2171 2178 2271 2362
[2013-07-31 12:36:57:235] [DEBUG] Selected 24 features
[2013-07-31 12:36:57:235] [DEBUG] Call adaptive_incremental_selection(size=20, terms=1, red thresh=0.1, min=0.03125, max=0.0625, epsi=0.001) so selection-thres=0.046875
[2013-07-31 12:36:57:235] [DEBUG] Iteration 1 feature set size=2446 powerset size=2446
[2013-07-31 12:36:57:259] [DEBUG] Iteration 1 relevant features=9
[2013-07-31 12:36:57:260] [DEBUG] Iteration 1 redundant features=1
[2013-07-31 12:36:57:260] [DEBUG] Iteration 1 finished with 8 features

[2013-07-31 12:36:57:260] [DEBUG] Elapsed time 0 seconds

[2013-07-31 12:36:57:260] [DEBUG] Rate 401.484375 microseconds per feature squared

[2013-07-31 12:36:57:261] [INFO] Exit incremental_selection(), selected: 109 764 952 1561 1908 1942 2023 2271
[2013-07-31 12:36:57:261] [DEBUG] Selected 8 features
[2013-07-31 12:36:57:261] [DEBUG] Call adaptive_incremental_selection(size=20, terms=1, red thresh=0.1, min=0.03125, max=0.046875, epsi=0.001) so selection-thres=0.0390625
[2013-07-31 12:36:57:261] [DEBUG] Iteration 1 feature set size=2446 powerset size=2446
[2013-07-31 12:36:57:284] [DEBUG] Iteration 1 relevant features=17
[2013-07-31 12:36:57:286] [DEBUG] Iteration 1 redundant features=2
[2013-07-31 12:36:57:286] [DEBUG] Iteration 1 finished with 15 features

[2013-07-31 12:36:57:286] [DEBUG] Elapsed time 0 seconds

[2013-07-31 12:36:57:286] [DEBUG] Rate 113.213333 microseconds per feature squared

[2013-07-31 12:36:57:286] [INFO] Exit incremental_selection(), selected: 109 745 764 826 844 952 1561 1793 1908 1942 2023 2171 2178 2271 2362
[2013-07-31 12:36:57:286] [DEBUG] Selected 15 features
[2013-07-31 12:36:57:286] [DEBUG] Call adaptive_incremental_selection(size=20, terms=1, red thresh=0.1, min=0.03125, max=0.0390625, epsi=0.001) so selection-thres=0.0351562
[2013-07-31 12:36:57:287] [DEBUG] Iteration 1 feature set size=2446 powerset size=2446
[2013-07-31 12:36:57:310] [DEBUG] Iteration 1 relevant features=23
[2013-07-31 12:36:57:313] [DEBUG] Iteration 1 redundant features=3
[2013-07-31 12:36:57:313] [DEBUG] Iteration 1 finished with 20 features

[2013-07-31 12:36:57:313] [DEBUG] Elapsed time 0 seconds

[2013-07-31 12:36:57:313] [DEBUG] Rate 65.870000 microseconds per feature squared

[2013-07-31 12:36:57:313] [INFO] Exit incremental_selection(), selected: 9 109 745 764 826 844 952 1524 1561 1703 1725 1793 1908 1942 2023 2073 2171 2178 2271 2362
[2013-07-31 12:36:57:313] [DEBUG] Selected 20 features
[2013-07-31 12:36:57:313] [INFO] Cache prr_cache_threaded hits=18711 misses=3961
[2013-07-31 12:36:57:314] [INFO] 20 out of 2446 features have been selected
[2013-07-31 12:36:57:314] [DEBUG] Compress the dataset, current size is 378
[2013-07-31 12:36:57:314] [DEBUG] Size of the compressed dataset is 221
[2013-07-31 12:36:57:315] [INFO] log_selected_features(): f2 0.0384957
[2013-07-31 12:36:57:315] [INFO] log_selected_features(): f15_0 0.0494467
[2013-07-31 12:36:57:315] [INFO] log_selected_features(): f91_0 0.0445691
[2013-07-31 12:36:57:315] [INFO] log_selected_features(): f93_1 0.0604556
[2013-07-31 12:36:57:315] [INFO] log_selected_features(): f100_0 0.0424341
[2013-07-31 12:36:57:315] [INFO] log_selected_features(): f102_0 0.0451863
[2013-07-31 12:36:57:315] [INFO] log_selected_features(): f114_0 0.069503
[2013-07-31 12:36:57:315] [INFO] log_selected_features(): f177_5 0.0371277
[2013-07-31 12:36:57:315] [INFO] log_selected_features(): f181_6 0.0489908
[2013-07-31 12:36:57:315] [INFO] log_selected_features(): f197_4 0.0351698
[2013-07-31 12:36:57:315] [INFO] log_selected_features(): f199_8 0.0383839
[2013-07-31 12:36:57:315] [INFO] log_selected_features(): f207_4 0.0407543
[2013-07-31 12:36:57:315] [INFO] log_selected_features(): f220_2 0.0498725
[2013-07-31 12:36:57:315] [INFO] log_selected_features(): f224_0 0.0523713
[2013-07-31 12:36:57:315] [INFO] log_selected_features(): f233_0 0.0510829
[2013-07-31 12:36:57:315] [INFO] log_selected_features(): f238_5 0.0358864
[2013-07-31 12:36:57:315] [INFO] log_selected_features(): f249_4 0.0407543
[2013-07-31 12:36:57:315] [INFO] log_selected_features(): f250_2 0.0417462
[2013-07-31 12:36:57:316] [INFO] log_selected_features(): f260_5 0.0527087
[2013-07-31 12:36:57:316] [INFO] log_selected_features(): f270_6 0.0417886
