[INFO] Using config file found at: 
[2013-07-31 12:24:00:023] [INFO] feature-selection version 3.6.8
[2013-07-31 12:24:00:023] [INFO] Command line: /home/addis-ai/opencog_ocpkg/opencog/build/opencog/learning/feature-selection/main/feature-selection -a inc --target-size 20 -i arrhythmia_hc_recall_0.5_kfd_10/data/arrhytmia_class01_decilized.moses.train_1to10 -o arrhythmia_hc_recall_0.5_kfd_10/data/arrhytmia_class01_decilized.moses.train_1to10_filtered_nfeats_20 -j 4 -F arrhythmia_hc_recall_0.5_kfd_10/log/feature_selection_fd_1to10_nfeats_20_no_fsm.log -l debug -u f280
[2013-07-31 12:24:00:023] [INFO] Read input file arrhythmia_hc_recall_0.5_kfd_10/data/arrhytmia_class01_decilized.moses.train_1to10
[2013-07-31 12:24:00:099] [DEBUG] Compress the dataset, current size is 378
[2013-07-31 12:24:00:100] [DEBUG] Size of the compressed dataset is 378
[2013-07-31 12:24:00:100] [INFO] incremental_select_features, targ sz=20 thresh=0
[2013-07-31 12:24:00:100] [DEBUG] cached_adaptive_incremental_selection(), target=20 iterms=1 num feats=2446
[2013-07-31 12:24:00:100] [INFO] Cache prr_cache_threaded
[2013-07-31 12:24:00:100] [DEBUG] Call adaptive_incremental_selection(size=20, terms=1, red thresh=0.1, min=0, max=1, epsi=0.001) so selection-thres=0.5
[2013-07-31 12:24:00:101] [DEBUG] Iteration 1 feature set size=2446 powerset size=2446
[2013-07-31 12:24:00:185] [DEBUG] Iteration 1 relevant features=0
[2013-07-31 12:24:00:185] [DEBUG] Iteration 1 redundant features=0
[2013-07-31 12:24:00:185] [DEBUG] Iteration 1 finished with 0 features

[2013-07-31 12:24:00:185] [DEBUG] Elapsed time 0 seconds

[2013-07-31 12:24:00:185] [DEBUG] Rate inf microseconds per feature squared

[2013-07-31 12:24:00:185] [INFO] Exit incremental_selection(), selected: 
[2013-07-31 12:24:00:185] [DEBUG] Selected 0 features
[2013-07-31 12:24:00:185] [DEBUG] Call adaptive_incremental_selection(size=20, terms=1, red thresh=0.1, min=0, max=0.5, epsi=0.001) so selection-thres=0.25
[2013-07-31 12:24:00:186] [DEBUG] Iteration 1 feature set size=2446 powerset size=2446
[2013-07-31 12:24:00:187] [DEBUG] Iteration 1 relevant features=0
[2013-07-31 12:24:00:187] [DEBUG] Iteration 1 redundant features=0
[2013-07-31 12:24:00:187] [DEBUG] Iteration 1 finished with 0 features

[2013-07-31 12:24:00:187] [DEBUG] Elapsed time 0 seconds

[2013-07-31 12:24:00:187] [DEBUG] Rate inf microseconds per feature squared

[2013-07-31 12:24:00:187] [INFO] Exit incremental_selection(), selected: 
[2013-07-31 12:24:00:187] [DEBUG] Selected 0 features
[2013-07-31 12:24:00:187] [DEBUG] Call adaptive_incremental_selection(size=20, terms=1, red thresh=0.1, min=0, max=0.25, epsi=0.001) so selection-thres=0.125
[2013-07-31 12:24:00:187] [DEBUG] Iteration 1 feature set size=2446 powerset size=2446
[2013-07-31 12:24:00:188] [DEBUG] Iteration 1 relevant features=0
[2013-07-31 12:24:00:188] [DEBUG] Iteration 1 redundant features=0
[2013-07-31 12:24:00:188] [DEBUG] Iteration 1 finished with 0 features

[2013-07-31 12:24:00:188] [DEBUG] Elapsed time 0 seconds

[2013-07-31 12:24:00:188] [DEBUG] Rate inf microseconds per feature squared

[2013-07-31 12:24:00:188] [INFO] Exit incremental_selection(), selected: 
[2013-07-31 12:24:00:188] [DEBUG] Selected 0 features
[2013-07-31 12:24:00:188] [DEBUG] Call adaptive_incremental_selection(size=20, terms=1, red thresh=0.1, min=0, max=0.125, epsi=0.001) so selection-thres=0.0625
[2013-07-31 12:24:00:189] [DEBUG] Iteration 1 feature set size=2446 powerset size=2446
[2013-07-31 12:24:00:190] [DEBUG] Iteration 1 relevant features=0
[2013-07-31 12:24:00:190] [DEBUG] Iteration 1 redundant features=0
[2013-07-31 12:24:00:190] [DEBUG] Iteration 1 finished with 0 features

[2013-07-31 12:24:00:190] [DEBUG] Elapsed time 0 seconds

[2013-07-31 12:24:00:190] [DEBUG] Rate inf microseconds per feature squared

[2013-07-31 12:24:00:190] [INFO] Exit incremental_selection(), selected: 
[2013-07-31 12:24:00:190] [DEBUG] Selected 0 features
[2013-07-31 12:24:00:190] [DEBUG] Call adaptive_incremental_selection(size=20, terms=1, red thresh=0.1, min=0, max=0.0625, epsi=0.001) so selection-thres=0.03125
[2013-07-31 12:24:00:191] [DEBUG] Iteration 1 feature set size=2446 powerset size=2446
[2013-07-31 12:24:00:192] [DEBUG] Iteration 1 relevant features=33
[2013-07-31 12:24:00:219] [DEBUG] Iteration 1 redundant features=3
[2013-07-31 12:24:00:219] [DEBUG] Iteration 1 finished with 30 features

[2013-07-31 12:24:00:219] [DEBUG] Elapsed time 0 seconds

[2013-07-31 12:24:00:219] [DEBUG] Rate 32.244444 microseconds per feature squared

[2013-07-31 12:24:00:219] [INFO] Exit incremental_selection(), selected: 9 109 128 745 764 826 844 943 952 1434 1450 1524 1540 1561 1703 1725 1793 1908 1942 2023 2073 2154 2162 2171 2178 2271 2288 2362 2422 2439
[2013-07-31 12:24:00:219] [DEBUG] Selected 30 features
[2013-07-31 12:24:00:219] [DEBUG] Call adaptive_incremental_selection(size=20, terms=1, red thresh=0.1, min=0.03125, max=0.0625, epsi=0.001) so selection-thres=0.046875
[2013-07-31 12:24:00:220] [DEBUG] Iteration 1 feature set size=2446 powerset size=2446
[2013-07-31 12:24:00:243] [DEBUG] Iteration 1 relevant features=6
[2013-07-31 12:24:00:244] [DEBUG] Iteration 1 redundant features=0
[2013-07-31 12:24:00:244] [DEBUG] Iteration 1 finished with 6 features

[2013-07-31 12:24:00:244] [DEBUG] Elapsed time 0 seconds

[2013-07-31 12:24:00:244] [DEBUG] Rate 675.972222 microseconds per feature squared

[2013-07-31 12:24:00:244] [INFO] Exit incremental_selection(), selected: 745 764 952 1908 1942 2023
[2013-07-31 12:24:00:244] [DEBUG] Selected 6 features
[2013-07-31 12:24:00:244] [DEBUG] Call adaptive_incremental_selection(size=20, terms=1, red thresh=0.1, min=0.03125, max=0.046875, epsi=0.001) so selection-thres=0.0390625
[2013-07-31 12:24:00:244] [DEBUG] Iteration 1 feature set size=2446 powerset size=2446
[2013-07-31 12:24:00:268] [DEBUG] Iteration 1 relevant features=13
[2013-07-31 12:24:00:269] [DEBUG] Iteration 1 redundant features=0
[2013-07-31 12:24:00:269] [DEBUG] Iteration 1 finished with 13 features

[2013-07-31 12:24:00:269] [DEBUG] Elapsed time 0 seconds

[2013-07-31 12:24:00:269] [DEBUG] Rate 147.254438 microseconds per feature squared

[2013-07-31 12:24:00:269] [INFO] Exit incremental_selection(), selected: 109 745 764 826 844 943 952 1725 1793 1908 1942 2023 2271
[2013-07-31 12:24:00:269] [DEBUG] Selected 13 features
[2013-07-31 12:24:00:269] [DEBUG] Call adaptive_incremental_selection(size=20, terms=1, red thresh=0.1, min=0.03125, max=0.0390625, epsi=0.001) so selection-thres=0.0351562
[2013-07-31 12:24:00:270] [DEBUG] Iteration 1 feature set size=2446 powerset size=2446
[2013-07-31 12:24:00:293] [DEBUG] Iteration 1 relevant features=22
[2013-07-31 12:24:00:296] [DEBUG] Iteration 1 redundant features=1
[2013-07-31 12:24:00:296] [DEBUG] Iteration 1 finished with 21 features

[2013-07-31 12:24:00:296] [DEBUG] Elapsed time 0 seconds

[2013-07-31 12:24:00:296] [DEBUG] Rate 61.013605 microseconds per feature squared

[2013-07-31 12:24:00:296] [INFO] Exit incremental_selection(), selected: 109 128 745 764 826 844 943 952 1524 1540 1561 1725 1793 1908 1942 2023 2178 2271 2362 2422 2439
[2013-07-31 12:24:00:296] [DEBUG] Selected 21 features
[2013-07-31 12:24:00:296] [DEBUG] Call adaptive_incremental_selection(size=20, terms=1, red thresh=0.1, min=0.0351562, max=0.0390625, epsi=0.001) so selection-thres=0.0371094
[2013-07-31 12:24:00:297] [DEBUG] Iteration 1 feature set size=2446 powerset size=2446
[2013-07-31 12:24:00:320] [DEBUG] Iteration 1 relevant features=18
[2013-07-31 12:24:00:322] [DEBUG] Iteration 1 redundant features=1
[2013-07-31 12:24:00:322] [DEBUG] Iteration 1 finished with 17 features

[2013-07-31 12:24:00:322] [DEBUG] Elapsed time 0 seconds

[2013-07-31 12:24:00:322] [DEBUG] Rate 89.415225 microseconds per feature squared

[2013-07-31 12:24:00:322] [INFO] Exit incremental_selection(), selected: 109 745 764 826 844 943 952 1524 1540 1561 1725 1793 1908 1942 2023 2178 2271
[2013-07-31 12:24:00:322] [DEBUG] Selected 17 features
[2013-07-31 12:24:00:322] [DEBUG] Call adaptive_incremental_selection(size=20, terms=1, red thresh=0.1, min=0.0351562, max=0.0371094, epsi=0.001) so selection-thres=0.0361328
[2013-07-31 12:24:00:323] [DEBUG] Iteration 1 feature set size=2446 powerset size=2446
[2013-07-31 12:24:00:346] [DEBUG] Iteration 1 relevant features=20
[2013-07-31 12:24:00:349] [DEBUG] Iteration 1 redundant features=1
[2013-07-31 12:24:00:349] [DEBUG] Iteration 1 finished with 19 features

[2013-07-31 12:24:00:349] [DEBUG] Elapsed time 0 seconds

[2013-07-31 12:24:00:349] [DEBUG] Rate 74.002770 microseconds per feature squared

[2013-07-31 12:24:00:349] [INFO] Exit incremental_selection(), selected: 109 745 764 826 844 943 952 1524 1540 1561 1725 1793 1908 1942 2023 2178 2271 2362 2422
[2013-07-31 12:24:00:349] [DEBUG] Selected 19 features
[2013-07-31 12:24:00:349] [DEBUG] Call adaptive_incremental_selection(size=20, terms=1, red thresh=0.1, min=0.0351562, max=0.0361328, epsi=0.001) so selection-thres=0.0356445
[2013-07-31 12:24:00:350] [DEBUG] Iteration 1 feature set size=2446 powerset size=2446
[2013-07-31 12:24:00:373] [DEBUG] Iteration 1 relevant features=21
[2013-07-31 12:24:00:375] [DEBUG] Iteration 1 redundant features=1
[2013-07-31 12:24:00:375] [DEBUG] Iteration 1 finished with 20 features

[2013-07-31 12:24:00:375] [DEBUG] Elapsed time 0 seconds

[2013-07-31 12:24:00:375] [DEBUG] Rate 65.925000 microseconds per feature squared

[2013-07-31 12:24:00:375] [INFO] Exit incremental_selection(), selected: 109 745 764 826 844 943 952 1524 1540 1561 1725 1793 1908 1942 2023 2178 2271 2362 2422 2439
[2013-07-31 12:24:00:375] [DEBUG] Selected 20 features
[2013-07-31 12:24:00:376] [INFO] Cache prr_cache_threaded hits=26472 misses=6054
[2013-07-31 12:24:00:377] [INFO] 20 out of 2446 features have been selected
[2013-07-31 12:24:00:377] [DEBUG] Compress the dataset, current size is 378
[2013-07-31 12:24:00:377] [DEBUG] Size of the compressed dataset is 176
[2013-07-31 12:24:00:378] [INFO] log_selected_features(): f15_0 0.0426484
[2013-07-31 12:24:00:378] [INFO] log_selected_features(): f91_0 0.0510031
[2013-07-31 12:24:00:378] [INFO] log_selected_features(): f93_1 0.062167
[2013-07-31 12:24:00:378] [INFO] log_selected_features(): f100_0 0.0401747
[2013-07-31 12:24:00:378] [INFO] log_selected_features(): f102_0 0.0401747
[2013-07-31 12:24:00:378] [INFO] log_selected_features(): f113_0 0.0452879
[2013-07-31 12:24:00:378] [INFO] log_selected_features(): f114_0 0.0522133
[2013-07-31 12:24:00:378] [INFO] log_selected_features(): f177_5 0.038395
[2013-07-31 12:24:00:378] [INFO] log_selected_features(): f179_3 0.0385471
[2013-07-31 12:24:00:378] [INFO] log_selected_features(): f181_6 0.038651
[2013-07-31 12:24:00:378] [INFO] log_selected_features(): f199_8 0.0409676
[2013-07-31 12:24:00:378] [INFO] log_selected_features(): f207_4 0.0455069
[2013-07-31 12:24:00:378] [INFO] log_selected_features(): f220_2 0.0523498
[2013-07-31 12:24:00:378] [INFO] log_selected_features(): f224_0 0.0553533
[2013-07-31 12:24:00:378] [INFO] log_selected_features(): f233_0 0.0621969
[2013-07-31 12:24:00:378] [INFO] log_selected_features(): f250_2 0.0385008
[2013-07-31 12:24:00:378] [INFO] log_selected_features(): f260_5 0.0430729
[2013-07-31 12:24:00:378] [INFO] log_selected_features(): f270_6 0.0365041
[2013-07-31 12:24:00:378] [INFO] log_selected_features(): f277_3 0.0364078
[2013-07-31 12:24:00:378] [INFO] log_selected_features(): f279_2 0.0356801
