[INFO] Using config file found at: 
[2013-07-31 12:35:40:916] [INFO] feature-selection version 3.6.8
[2013-07-31 12:35:40:916] [INFO] Command line: /home/addis-ai/opencog_ocpkg/opencog/build/opencog/learning/feature-selection/main/feature-selection -a inc --target-size 20 -i arrhythmia_hc_recall_0.5_kfd_10/data/arrhytmia_class01_decilized.moses.train_6to10 -o arrhythmia_hc_recall_0.5_kfd_10/data/arrhytmia_class01_decilized.moses.train_6to10_filtered_nfeats_20 -j 4 -F arrhythmia_hc_recall_0.5_kfd_10/log/feature_selection_fd_6to10_nfeats_20_no_fsm.log -l debug -u f280
[2013-07-31 12:35:40:916] [INFO] Read input file arrhythmia_hc_recall_0.5_kfd_10/data/arrhytmia_class01_decilized.moses.train_6to10
[2013-07-31 12:35:40:993] [DEBUG] Compress the dataset, current size is 378
[2013-07-31 12:35:40:993] [DEBUG] Size of the compressed dataset is 378
[2013-07-31 12:35:40:994] [INFO] incremental_select_features, targ sz=20 thresh=0
[2013-07-31 12:35:40:994] [DEBUG] cached_adaptive_incremental_selection(), target=20 iterms=1 num feats=2446
[2013-07-31 12:35:40:994] [INFO] Cache prr_cache_threaded
[2013-07-31 12:35:40:994] [DEBUG] Call adaptive_incremental_selection(size=20, terms=1, red thresh=0.1, min=0, max=1, epsi=0.001) so selection-thres=0.5
[2013-07-31 12:35:40:994] [DEBUG] Iteration 1 feature set size=2446 powerset size=2446
[2013-07-31 12:35:41:076] [DEBUG] Iteration 1 relevant features=0
[2013-07-31 12:35:41:076] [DEBUG] Iteration 1 redundant features=0
[2013-07-31 12:35:41:076] [DEBUG] Iteration 1 finished with 0 features

[2013-07-31 12:35:41:076] [DEBUG] Elapsed time 0 seconds

[2013-07-31 12:35:41:076] [DEBUG] Rate inf microseconds per feature squared

[2013-07-31 12:35:41:076] [INFO] Exit incremental_selection(), selected: 
[2013-07-31 12:35:41:076] [DEBUG] Selected 0 features
[2013-07-31 12:35:41:076] [DEBUG] Call adaptive_incremental_selection(size=20, terms=1, red thresh=0.1, min=0, max=0.5, epsi=0.001) so selection-thres=0.25
[2013-07-31 12:35:41:077] [DEBUG] Iteration 1 feature set size=2446 powerset size=2446
[2013-07-31 12:35:41:078] [DEBUG] Iteration 1 relevant features=0
[2013-07-31 12:35:41:078] [DEBUG] Iteration 1 redundant features=0
[2013-07-31 12:35:41:078] [DEBUG] Iteration 1 finished with 0 features

[2013-07-31 12:35:41:078] [DEBUG] Elapsed time 0 seconds

[2013-07-31 12:35:41:078] [DEBUG] Rate inf microseconds per feature squared

[2013-07-31 12:35:41:078] [INFO] Exit incremental_selection(), selected: 
[2013-07-31 12:35:41:078] [DEBUG] Selected 0 features
[2013-07-31 12:35:41:078] [DEBUG] Call adaptive_incremental_selection(size=20, terms=1, red thresh=0.1, min=0, max=0.25, epsi=0.001) so selection-thres=0.125
[2013-07-31 12:35:41:079] [DEBUG] Iteration 1 feature set size=2446 powerset size=2446
[2013-07-31 12:35:41:080] [DEBUG] Iteration 1 relevant features=0
[2013-07-31 12:35:41:080] [DEBUG] Iteration 1 redundant features=0
[2013-07-31 12:35:41:080] [DEBUG] Iteration 1 finished with 0 features

[2013-07-31 12:35:41:080] [DEBUG] Elapsed time 0 seconds

[2013-07-31 12:35:41:080] [DEBUG] Rate inf microseconds per feature squared

[2013-07-31 12:35:41:080] [INFO] Exit incremental_selection(), selected: 
[2013-07-31 12:35:41:080] [DEBUG] Selected 0 features
[2013-07-31 12:35:41:080] [DEBUG] Call adaptive_incremental_selection(size=20, terms=1, red thresh=0.1, min=0, max=0.125, epsi=0.001) so selection-thres=0.0625
[2013-07-31 12:35:41:081] [DEBUG] Iteration 1 feature set size=2446 powerset size=2446
[2013-07-31 12:35:41:081] [DEBUG] Iteration 1 relevant features=1
[2013-07-31 12:35:41:081] [DEBUG] Iteration 1 redundant features=0
[2013-07-31 12:35:41:081] [DEBUG] Iteration 1 finished with 1 features

[2013-07-31 12:35:41:081] [DEBUG] Elapsed time 0 seconds

[2013-07-31 12:35:41:081] [DEBUG] Rate 1593.000000 microseconds per feature squared

[2013-07-31 12:35:41:082] [INFO] Exit incremental_selection(), selected: 764
[2013-07-31 12:35:41:082] [DEBUG] Selected 1 features
[2013-07-31 12:35:41:082] [DEBUG] Call adaptive_incremental_selection(size=20, terms=1, red thresh=0.1, min=0, max=0.0625, epsi=0.001) so selection-thres=0.03125
[2013-07-31 12:35:41:082] [DEBUG] Iteration 1 feature set size=2446 powerset size=2446
[2013-07-31 12:35:41:083] [DEBUG] Iteration 1 relevant features=37
[2013-07-31 12:35:41:120] [DEBUG] Iteration 1 redundant features=3
[2013-07-31 12:35:41:120] [DEBUG] Iteration 1 finished with 34 features

[2013-07-31 12:35:41:120] [DEBUG] Elapsed time 0 seconds

[2013-07-31 12:35:41:120] [DEBUG] Rate 33.468858 microseconds per feature squared

[2013-07-31 12:35:41:121] [INFO] Exit incremental_selection(), selected: 9 29 109 128 552 745 764 826 844 943 952 1434 1437 1440 1450 1524 1540 1561 1703 1725 1793 1908 1942 1990 2023 2031 2073 2086 2178 2241 2271 2362 2422 2423
[2013-07-31 12:35:41:121] [DEBUG] Selected 34 features
[2013-07-31 12:35:41:121] [DEBUG] Call adaptive_incremental_selection(size=20, terms=1, red thresh=0.1, min=0.03125, max=0.0625, epsi=0.001) so selection-thres=0.046875
[2013-07-31 12:35:41:121] [DEBUG] Iteration 1 feature set size=2446 powerset size=2446
[2013-07-31 12:35:41:146] [DEBUG] Iteration 1 relevant features=10
[2013-07-31 12:35:41:148] [DEBUG] Iteration 1 redundant features=1
[2013-07-31 12:35:41:148] [DEBUG] Iteration 1 finished with 9 features

[2013-07-31 12:35:41:148] [DEBUG] Elapsed time 0 seconds

[2013-07-31 12:35:41:148] [DEBUG] Rate 338.876543 microseconds per feature squared

[2013-07-31 12:35:41:148] [INFO] Exit incremental_selection(), selected: 764 844 943 952 1561 1725 1908 1942 2023
[2013-07-31 12:35:41:148] [DEBUG] Selected 9 features
[2013-07-31 12:35:41:148] [DEBUG] Call adaptive_incremental_selection(size=20, terms=1, red thresh=0.1, min=0.03125, max=0.046875, epsi=0.001) so selection-thres=0.0390625
[2013-07-31 12:35:41:149] [DEBUG] Iteration 1 feature set size=2446 powerset size=2446
[2013-07-31 12:35:41:172] [DEBUG] Iteration 1 relevant features=19
[2013-07-31 12:35:41:175] [DEBUG] Iteration 1 redundant features=2
[2013-07-31 12:35:41:175] [DEBUG] Iteration 1 finished with 17 features

[2013-07-31 12:35:41:176] [DEBUG] Elapsed time 0 seconds

[2013-07-31 12:35:41:176] [DEBUG] Rate 94.114187 microseconds per feature squared

[2013-07-31 12:35:41:176] [INFO] Exit incremental_selection(), selected: 9 109 745 764 826 844 943 952 1540 1561 1725 1793 1908 1942 2023 2271 2362
[2013-07-31 12:35:41:176] [DEBUG] Selected 17 features
[2013-07-31 12:35:41:176] [DEBUG] Call adaptive_incremental_selection(size=20, terms=1, red thresh=0.1, min=0.03125, max=0.0390625, epsi=0.001) so selection-thres=0.0351562
[2013-07-31 12:35:41:176] [DEBUG] Iteration 1 feature set size=2446 powerset size=2446
[2013-07-31 12:35:41:200] [DEBUG] Iteration 1 relevant features=26
[2013-07-31 12:35:41:207] [DEBUG] Iteration 1 redundant features=2
[2013-07-31 12:35:41:207] [DEBUG] Iteration 1 finished with 24 features

[2013-07-31 12:35:41:207] [DEBUG] Elapsed time 0 seconds

[2013-07-31 12:35:41:207] [DEBUG] Rate 54.201389 microseconds per feature squared

[2013-07-31 12:35:41:207] [INFO] Exit incremental_selection(), selected: 9 29 109 128 745 764 826 844 943 952 1450 1540 1561 1725 1793 1908 1942 2023 2031 2073 2178 2271 2362 2423
[2013-07-31 12:35:41:207] [DEBUG] Selected 24 features
[2013-07-31 12:35:41:207] [DEBUG] Call adaptive_incremental_selection(size=20, terms=1, red thresh=0.1, min=0.0351562, max=0.0390625, epsi=0.001) so selection-thres=0.0371094
[2013-07-31 12:35:41:208] [DEBUG] Iteration 1 feature set size=2446 powerset size=2446
[2013-07-31 12:35:41:231] [DEBUG] Iteration 1 relevant features=24
[2013-07-31 12:35:41:236] [DEBUG] Iteration 1 redundant features=2
[2013-07-31 12:35:41:236] [DEBUG] Iteration 1 finished with 22 features

[2013-07-31 12:35:41:236] [DEBUG] Elapsed time 0 seconds

[2013-07-31 12:35:41:236] [DEBUG] Rate 58.981405 microseconds per feature squared

[2013-07-31 12:35:41:236] [INFO] Exit incremental_selection(), selected: 9 29 109 128 745 764 826 844 943 952 1540 1561 1725 1793 1908 1942 2023 2073 2178 2271 2362 2423
[2013-07-31 12:35:41:236] [DEBUG] Selected 22 features
[2013-07-31 12:35:41:236] [DEBUG] Call adaptive_incremental_selection(size=20, terms=1, red thresh=0.1, min=0.0371094, max=0.0390625, epsi=0.001) so selection-thres=0.0380859
[2013-07-31 12:35:41:237] [DEBUG] Iteration 1 feature set size=2446 powerset size=2446
[2013-07-31 12:35:41:261] [DEBUG] Iteration 1 relevant features=23
[2013-07-31 12:35:41:266] [DEBUG] Iteration 1 redundant features=2
[2013-07-31 12:35:41:266] [DEBUG] Iteration 1 finished with 21 features

[2013-07-31 12:35:41:266] [DEBUG] Elapsed time 0 seconds

[2013-07-31 12:35:41:266] [DEBUG] Rate 67.455782 microseconds per feature squared

[2013-07-31 12:35:41:266] [INFO] Exit incremental_selection(), selected: 9 29 109 745 764 826 844 943 952 1540 1561 1725 1793 1908 1942 2023 2073 2178 2271 2362 2423
[2013-07-31 12:35:41:266] [DEBUG] Selected 21 features
[2013-07-31 12:35:41:266] [DEBUG] Call adaptive_incremental_selection(size=20, terms=1, red thresh=0.1, min=0.0380859, max=0.0390625, epsi=0.001) so selection-thres=0.0385742
[2013-07-31 12:35:41:267] [DEBUG] Iteration 1 feature set size=2446 powerset size=2446
[2013-07-31 12:35:41:291] [DEBUG] Iteration 1 relevant features=22
[2013-07-31 12:35:41:295] [DEBUG] Iteration 1 redundant features=2
[2013-07-31 12:35:41:295] [DEBUG] Iteration 1 finished with 20 features

[2013-07-31 12:35:41:295] [DEBUG] Elapsed time 0 seconds

[2013-07-31 12:35:41:295] [DEBUG] Rate 72.847500 microseconds per feature squared

[2013-07-31 12:35:41:295] [INFO] Exit incremental_selection(), selected: 9 109 745 764 826 844 943 952 1540 1561 1725 1793 1908 1942 2023 2073 2178 2271 2362 2423
[2013-07-31 12:35:41:295] [DEBUG] Selected 20 features
[2013-07-31 12:35:41:295] [INFO] Cache prr_cache_threaded hits=27688 misses=7086
[2013-07-31 12:35:41:296] [INFO] 20 out of 2446 features have been selected
[2013-07-31 12:35:41:296] [DEBUG] Compress the dataset, current size is 378
[2013-07-31 12:35:41:297] [DEBUG] Size of the compressed dataset is 205
[2013-07-31 12:35:41:298] [INFO] log_selected_features(): f2 0.0437261
[2013-07-31 12:35:41:298] [INFO] log_selected_features(): f15_0 0.0454769
[2013-07-31 12:35:41:298] [INFO] log_selected_features(): f91_0 0.0457505
[2013-07-31 12:35:41:298] [INFO] log_selected_features(): f93_1 0.0752509
[2013-07-31 12:35:41:298] [INFO] log_selected_features(): f100_0 0.0459647
[2013-07-31 12:35:41:298] [INFO] log_selected_features(): f102_0 0.0488872
[2013-07-31 12:35:41:298] [INFO] log_selected_features(): f113_0 0.054753
[2013-07-31 12:35:41:298] [INFO] log_selected_features(): f114_0 0.0590252
[2013-07-31 12:35:41:298] [INFO] log_selected_features(): f179_3 0.0391749
[2013-07-31 12:35:41:298] [INFO] log_selected_features(): f181_6 0.0512161
[2013-07-31 12:35:41:298] [INFO] log_selected_features(): f199_8 0.0472494
[2013-07-31 12:35:41:298] [INFO] log_selected_features(): f207_4 0.0443459
[2013-07-31 12:35:41:298] [INFO] log_selected_features(): f220_2 0.0564391
[2013-07-31 12:35:41:298] [INFO] log_selected_features(): f224_0 0.0512161
[2013-07-31 12:35:41:298] [INFO] log_selected_features(): f233_0 0.0623678
[2013-07-31 12:35:41:298] [INFO] log_selected_features(): f238_5 0.0388575
[2013-07-31 12:35:41:298] [INFO] log_selected_features(): f250_2 0.0388575
[2013-07-31 12:35:41:298] [INFO] log_selected_features(): f260_5 0.0463488
[2013-07-31 12:35:41:298] [INFO] log_selected_features(): f270_6 0.0460375
[2013-07-31 12:35:41:298] [INFO] log_selected_features(): f277_4 0.0387946
